<?xml version="1.0" encoding="UTF-8"?>
<testsuite xmlns:xsi="http://www.w3.org/2001/XMLSchema-instance" xsi:noNamespaceSchemaLocation="https://maven.apache.org/surefire/maven-surefire-plugin/xsd/surefire-test-report.xsd" name="com.rubypaper.AppTest" time="0.015" tests="1" errors="0" skipped="0" failures="0">
  <properties>
    <property name="java.specification.version" value="19"/>
    <property name="sun.jnu.encoding" value="UTF-8"/>
    <property name="java.class.path" value="/Users/seonyoung/Dev/SpringBoot/chapter04/target/test-classes:/Users/seonyoung/Dev/SpringBoot/chapter04/target/classes:/Users/seonyoung/.m2/repository/com/h2database/h2/2.1.214/h2-2.1.214.jar:/Users/seonyoung/.m2/repository/org/jboss/logging/jboss-logging/3.4.1.Final/jboss-logging-3.4.1.Final.jar:/Users/seonyoung/.m2/repository/org/hibernate/orm/hibernate-core/6.0.0.Alpha7/hibernate-core-6.0.0.Alpha7.jar:/Users/seonyoung/.m2/repository/org/antlr/antlr4/4.9.1/antlr4-4.9.1.jar:/Users/seonyoung/.m2/repository/org/antlr/antlr4-runtime/4.9.1/antlr4-runtime-4.9.1.jar:/Users/seonyoung/.m2/repository/org/antlr/antlr-runtime/3.5.2/antlr-runtime-3.5.2.jar:/Users/seonyoung/.m2/repository/org/antlr/ST4/4.3/ST4-4.3.jar:/Users/seonyoung/.m2/repository/org/abego/treelayout/org.abego.treelayout.core/1.0.3/org.abego.treelayout.core-1.0.3.jar:/Users/seonyoung/.m2/repository/org/glassfish/javax.json/1.0.4/javax.json-1.0.4.jar:/Users/seonyoung/.m2/repository/com/ibm/icu/icu4j/61.1/icu4j-61.1.jar:/Users/seonyoung/.m2/repository/org/jboss/jandex/2.2.3.Final/jandex-2.2.3.Final.jar:/Users/seonyoung/.m2/repository/com/fasterxml/classmate/1.5.1/classmate-1.5.1.jar:/Users/seonyoung/.m2/repository/javax/activation/javax.activation-api/1.2.0/javax.activation-api-1.2.0.jar:/Users/seonyoung/.m2/repository/javax/xml/bind/jaxb-api/2.3.1/jaxb-api-2.3.1.jar:/Users/seonyoung/.m2/repository/org/glassfish/jaxb/jaxb-runtime/2.3.1/jaxb-runtime-2.3.1.jar:/Users/seonyoung/.m2/repository/org/glassfish/jaxb/txw2/2.3.1/txw2-2.3.1.jar:/Users/seonyoung/.m2/repository/com/sun/istack/istack-commons-runtime/3.0.7/istack-commons-runtime-3.0.7.jar:/Users/seonyoung/.m2/repository/org/jvnet/staxex/stax-ex/1.8/stax-ex-1.8.jar:/Users/seonyoung/.m2/repository/com/sun/xml/fastinfoset/FastInfoset/1.2.15/FastInfoset-1.2.15.jar:/Users/seonyoung/.m2/repository/org/dom4j/dom4j/2.1.3/dom4j-2.1.3.jar:/Users/seonyoung/.m2/repository/org/hibernate/common/hibernate-commons-annotations/5.1.2.Final/hibernate-commons-annotations-5.1.2.Final.jar:/Users/seonyoung/.m2/repository/javax/persistence/javax.persistence-api/2.2/javax.persistence-api-2.2.jar:/Users/seonyoung/.m2/repository/net/bytebuddy/byte-buddy/1.10.21/byte-buddy-1.10.21.jar:/Users/seonyoung/.m2/repository/org/jboss/spec/javax/transaction/jboss-transaction-api_1.2_spec/1.1.1.Final/jboss-transaction-api_1.2_spec-1.1.1.Final.jar:/Users/seonyoung/.m2/repository/junit/junit/4.11/junit-4.11.jar:/Users/seonyoung/.m2/repository/org/hamcrest/hamcrest-core/1.3/hamcrest-core-1.3.jar:"/>
    <property name="java.vm.vendor" value="Homebrew"/>
    <property name="sun.arch.data.model" value="64"/>
    <property name="java.vendor.url" value="https://github.com/Homebrew/homebrew-core/issues"/>
    <property name="os.name" value="Mac OS X"/>
    <property name="java.vm.specification.version" value="19"/>
    <property name="sun.java.launcher" value="SUN_STANDARD"/>
    <property name="user.country" value="KR"/>
    <property name="sun.boot.library.path" value="/opt/homebrew/Cellar/openjdk/19/libexec/openjdk.jdk/Contents/Home/lib"/>
    <property name="sun.java.command" value="/Users/seonyoung/Dev/SpringBoot/chapter04/target/surefire/surefirebooter4667699099339973541.jar /Users/seonyoung/Dev/SpringBoot/Chapter04/target/surefire 2022-10-20T16-14-25_802-jvmRun1 surefire4696483192762539405tmp surefire_011341246610868037645tmp"/>
    <property name="http.nonProxyHosts" value="local|*.local|169.254/16|*.169.254/16"/>
    <property name="jdk.debug" value="release"/>
    <property name="surefire.test.class.path" value="/Users/seonyoung/Dev/SpringBoot/chapter04/target/test-classes:/Users/seonyoung/Dev/SpringBoot/chapter04/target/classes:/Users/seonyoung/.m2/repository/com/h2database/h2/2.1.214/h2-2.1.214.jar:/Users/seonyoung/.m2/repository/org/jboss/logging/jboss-logging/3.4.1.Final/jboss-logging-3.4.1.Final.jar:/Users/seonyoung/.m2/repository/org/hibernate/orm/hibernate-core/6.0.0.Alpha7/hibernate-core-6.0.0.Alpha7.jar:/Users/seonyoung/.m2/repository/org/antlr/antlr4/4.9.1/antlr4-4.9.1.jar:/Users/seonyoung/.m2/repository/org/antlr/antlr4-runtime/4.9.1/antlr4-runtime-4.9.1.jar:/Users/seonyoung/.m2/repository/org/antlr/antlr-runtime/3.5.2/antlr-runtime-3.5.2.jar:/Users/seonyoung/.m2/repository/org/antlr/ST4/4.3/ST4-4.3.jar:/Users/seonyoung/.m2/repository/org/abego/treelayout/org.abego.treelayout.core/1.0.3/org.abego.treelayout.core-1.0.3.jar:/Users/seonyoung/.m2/repository/org/glassfish/javax.json/1.0.4/javax.json-1.0.4.jar:/Users/seonyoung/.m2/repository/com/ibm/icu/icu4j/61.1/icu4j-61.1.jar:/Users/seonyoung/.m2/repository/org/jboss/jandex/2.2.3.Final/jandex-2.2.3.Final.jar:/Users/seonyoung/.m2/repository/com/fasterxml/classmate/1.5.1/classmate-1.5.1.jar:/Users/seonyoung/.m2/repository/javax/activation/javax.activation-api/1.2.0/javax.activation-api-1.2.0.jar:/Users/seonyoung/.m2/repository/javax/xml/bind/jaxb-api/2.3.1/jaxb-api-2.3.1.jar:/Users/seonyoung/.m2/repository/org/glassfish/jaxb/jaxb-runtime/2.3.1/jaxb-runtime-2.3.1.jar:/Users/seonyoung/.m2/repository/org/glassfish/jaxb/txw2/2.3.1/txw2-2.3.1.jar:/Users/seonyoung/.m2/repository/com/sun/istack/istack-commons-runtime/3.0.7/istack-commons-runtime-3.0.7.jar:/Users/seonyoung/.m2/repository/org/jvnet/staxex/stax-ex/1.8/stax-ex-1.8.jar:/Users/seonyoung/.m2/repository/com/sun/xml/fastinfoset/FastInfoset/1.2.15/FastInfoset-1.2.15.jar:/Users/seonyoung/.m2/repository/org/dom4j/dom4j/2.1.3/dom4j-2.1.3.jar:/Users/seonyoung/.m2/repository/org/hibernate/common/hibernate-commons-annotations/5.1.2.Final/hibernate-commons-annotations-5.1.2.Final.jar:/Users/seonyoung/.m2/repository/javax/persistence/javax.persistence-api/2.2/javax.persistence-api-2.2.jar:/Users/seonyoung/.m2/repository/net/bytebuddy/byte-buddy/1.10.21/byte-buddy-1.10.21.jar:/Users/seonyoung/.m2/repository/org/jboss/spec/javax/transaction/jboss-transaction-api_1.2_spec/1.1.1.Final/jboss-transaction-api_1.2_spec-1.1.1.Final.jar:/Users/seonyoung/.m2/repository/junit/junit/4.11/junit-4.11.jar:/Users/seonyoung/.m2/repository/org/hamcrest/hamcrest-core/1.3/hamcrest-core-1.3.jar:"/>
    <property name="sun.cpu.endian" value="little"/>
    <property name="user.home" value="/Users/seonyoung"/>
    <property name="user.language" value="ko"/>
    <property name="java.specification.vendor" value="Oracle Corporation"/>
    <property name="java.version.date" value="2022-09-20"/>
    <property name="java.home" value="/opt/homebrew/Cellar/openjdk/19/libexec/openjdk.jdk/Contents/Home"/>
    <property name="file.separator" value="/"/>
    <property name="basedir" value="/Users/seonyoung/Dev/SpringBoot/chapter04"/>
    <property name="java.vm.compressedOopsMode" value="Zero based"/>
    <property name="line.separator" value="&#10;"/>
    <property name="java.vm.specification.vendor" value="Oracle Corporation"/>
    <property name="java.specification.name" value="Java Platform API Specification"/>
    <property name="apple.awt.application.name" value="ForkedBooter"/>
    <property name="surefire.real.class.path" value="/Users/seonyoung/Dev/SpringBoot/chapter04/target/surefire/surefirebooter4667699099339973541.jar"/>
    <property name="sun.management.compiler" value="HotSpot 64-Bit Tiered Compilers"/>
    <property name="ftp.nonProxyHosts" value="local|*.local|169.254/16|*.169.254/16"/>
    <property name="java.runtime.version" value="19"/>
    <property name="user.name" value="seonyoung"/>
    <property name="stdout.encoding" value="UTF-8"/>
    <property name="path.separator" value=":"/>
    <property name="os.version" value="12.4"/>
    <property name="java.runtime.name" value="OpenJDK Runtime Environment"/>
    <property name="file.encoding" value="UTF-8"/>
    <property name="java.vm.name" value="OpenJDK 64-Bit Server VM"/>
    <property name="java.vendor.version" value="Homebrew"/>
    <property name="localRepository" value="/Users/seonyoung/.m2/repository"/>
    <property name="java.vendor.url.bug" value="https://github.com/Homebrew/homebrew-core/issues"/>
    <property name="java.io.tmpdir" value="/var/folders/r2/mtbq6yg117x9tvd6cwm6gxcm0000gn/T/"/>
    <property name="java.version" value="19"/>
    <property name="user.dir" value="/Users/seonyoung/Dev/SpringBoot/chapter04"/>
    <property name="os.arch" value="aarch64"/>
    <property name="java.vm.specification.name" value="Java Virtual Machine Specification"/>
    <property name="native.encoding" value="UTF-8"/>
    <property name="java.library.path" value="/Users/seonyoung/Library/Java/Extensions:/Library/Java/Extensions:/Network/Library/Java/Extensions:/System/Library/Java/Extensions:/usr/lib/java:."/>
    <property name="java.vm.info" value="mixed mode, sharing"/>
    <property name="stderr.encoding" value="UTF-8"/>
    <property name="java.vendor" value="Homebrew"/>
    <property name="java.vm.version" value="19"/>
    <property name="sun.io.unicode.encoding" value="UnicodeBig"/>
    <property name="socksNonProxyHosts" value="local|*.local|169.254/16|*.169.254/16"/>
    <property name="java.class.version" value="63.0"/>
  </properties>
  <testcase name="shouldAnswerWithTrue" classname="com.rubypaper.AppTest" time="0.001"/>
</testsuite>